build/app/intermediates/manifest_merge_blame_file/release/processReleaseMainManifest/manifest-merger-blame-release-report.txt
1<?xml version="1.0" encoding="utf-8"?>
2<manifest xmlns:android="http://schemas.android.com/apk/res/android"
3    package="com.natinc.nat.naijatrans"
4    android:versionCode="1"
5    android:versionName="1.0.0" >
6
7    <uses-sdk
8        android:minSdkVersion="21"
9        android:targetSdkVersion="34" />
10
11    <uses-permission android:name="android.permission.ACCESS_FINE_LOCATION" />
11-->src/main/AndroidManifest.xml:4:5-79
11-->src/main/AndroidManifest.xml:4:22-76
12    <uses-permission android:name="android.permission.ACCESS_BACKGROUND_LOCATION" />
12-->src/main/AndroidManifest.xml:5:5-84
12-->src/main/AndroidManifest.xml:5:22-82
13    <uses-permission android:name="android.permission.WAKE_LOCK" />
13-->src/main/AndroidManifest.xml:6:5-68
13-->src/main/AndroidManifest.xml:6:22-65
14    <uses-permission android:name="android.permission.INTERNET" />
14-->src/main/AndroidManifest.xml:7:5-67
14-->src/main/AndroidManifest.xml:7:22-64
15    <uses-permission android:name="android.permission.FOREGROUND_SERVICE" />
15-->src/main/AndroidManifest.xml:8:5-77
15-->src/main/AndroidManifest.xml:8:22-74
16
17    <permission
17-->[androidx.core:core:1.13.1] AndroidManifest.xml:22:5-24:47
18        android:name="com.natinc.nat.naijatrans.DYNAMIC_RECEIVER_NOT_EXPORTED_PERMISSION"
18-->[androidx.core:core:1.13.1] AndroidManifest.xml:23:9-81
19        android:protectionLevel="signature" />
19-->[androidx.core:core:1.13.1] AndroidManifest.xml:24:9-44
20
21    <uses-permission android:name="com.natinc.nat.naijatrans.DYNAMIC_RECEIVER_NOT_EXPORTED_PERMISSION" />
21-->[androidx.core:core:1.13.1] AndroidManifest.xml:26:5-97
21-->[androidx.core:core:1.13.1] AndroidManifest.xml:26:22-94
22    <!--
23 io.flutter.app.FlutterApplication is an android.app.Application that
24         calls FlutterMain.startInitialization(this); in its onCreate method.
25         In most cases you can leave this as-is, but you if you want to provide
26         additional functionality it is fine to subclass or reimplement
27         FlutterApplication and put your custom class here.
28    -->
29    <application
30        android:name="android.app.Application"
30-->src/main/AndroidManifest.xml:18:9-42
31        android:appComponentFactory="androidx.core.app.CoreComponentFactory"
31-->[androidx.core:core:1.13.1] AndroidManifest.xml:28:18-86
32        android:extractNativeLibs="true"
33        android:icon="@mipmap/ic_launcher"
33-->src/main/AndroidManifest.xml:20:9-43
34        android:label="naijatrans" >
34-->src/main/AndroidManifest.xml:19:9-35
35        <activity
35-->src/main/AndroidManifest.xml:22:9-52:20
36            android:name="com.example.naijatrans.MainActivity"
36-->src/main/AndroidManifest.xml:23:13-41
37            android:configChanges="orientation|keyboardHidden|keyboard|screenSize|locale|layoutDirection|fontScale|screenLayout|density|uiMode"
37-->src/main/AndroidManifest.xml:26:13-144
38            android:exported="true"
38-->src/main/AndroidManifest.xml:28:56-79
39            android:hardwareAccelerated="true"
39-->src/main/AndroidManifest.xml:27:13-47
40            android:launchMode="singleTop"
40-->src/main/AndroidManifest.xml:24:13-43
41            android:theme="@style/LaunchTheme"
41-->src/main/AndroidManifest.xml:25:13-47
42            android:windowSoftInputMode="adjustResize" >
42-->src/main/AndroidManifest.xml:28:13-55
43
44            <!--
45                 This keeps the window background of the activity showing
46                 until Flutter renders its first frame. It can be removed if
47                 there is no splash screen (such as the default splash screen
48                 defined in @style/LaunchTheme).
49            -->
50            <meta-data
50-->src/main/AndroidManifest.xml:33:13-35:29
51                android:name="flutterEmbedding"
51-->src/main/AndroidManifest.xml:34:9-40
52                android:value="2" />
52-->src/main/AndroidManifest.xml:35:9-26
53            <meta-data
53-->src/main/AndroidManifest.xml:37:13-39:62
54                android:name="io.flutter.embedding.android.SplashScreenDrawable"
54-->src/main/AndroidManifest.xml:38:13-77
55                android:resource="@drawable/launch_background" />
55-->src/main/AndroidManifest.xml:39:13-59
56            <meta-data
56-->src/main/AndroidManifest.xml:43:13-46:17
57                android:name="io.flutter.embedding.android.NormalTheme"
57-->src/main/AndroidManifest.xml:44:15-70
58                android:resource="@style/NormalTheme" />
58-->src/main/AndroidManifest.xml:45:15-52
59
60            <intent-filter>
60-->src/main/AndroidManifest.xml:48:13-51:29
61                <action android:name="android.intent.action.MAIN" />
61-->src/main/AndroidManifest.xml:49:17-68
61-->src/main/AndroidManifest.xml:49:25-66
62
63                <category android:name="android.intent.category.LAUNCHER" />
63-->src/main/AndroidManifest.xml:50:17-76
63-->src/main/AndroidManifest.xml:50:27-74
64            </intent-filter>
65        </activity>
66
67        <!--
68Intent filter for handling the custom URL scheme 
69    <intent-filter>
70        <action android:name="android.intent.action.VIEW"/>
71        <category android:name="android.intent.category.DEFAULT"/>
72        <category android:name="android.intent.category.BROWSABLE"/>
73        <data android:scheme="appname" />
74    </intent-filter>
75</activity>
76        -->
77
78        <uses-library
78-->[androidx.window:window:1.2.0] AndroidManifest.xml:23:9-25:40
79            android:name="androidx.window.extensions"
79-->[androidx.window:window:1.2.0] AndroidManifest.xml:24:13-54
80            android:required="false" />
80-->[androidx.window:window:1.2.0] AndroidManifest.xml:25:13-37
81        <uses-library
81-->[androidx.window:window:1.2.0] AndroidManifest.xml:26:9-28:40
82            android:name="androidx.window.sidecar"
82-->[androidx.window:window:1.2.0] AndroidManifest.xml:27:13-51
83            android:required="false" />
83-->[androidx.window:window:1.2.0] AndroidManifest.xml:28:13-37
84
85        <provider
85-->[androidx.lifecycle:lifecycle-process:2.7.0] AndroidManifest.xml:24:9-32:20
86            android:name="androidx.startup.InitializationProvider"
86-->[androidx.lifecycle:lifecycle-process:2.7.0] AndroidManifest.xml:25:13-67
87            android:authorities="com.natinc.nat.naijatrans.androidx-startup"
87-->[androidx.lifecycle:lifecycle-process:2.7.0] AndroidManifest.xml:26:13-68
88            android:exported="false" >
88-->[androidx.lifecycle:lifecycle-process:2.7.0] AndroidManifest.xml:27:13-37
89            <meta-data
89-->[androidx.lifecycle:lifecycle-process:2.7.0] AndroidManifest.xml:29:13-31:52
90                android:name="androidx.lifecycle.ProcessLifecycleInitializer"
90-->[androidx.lifecycle:lifecycle-process:2.7.0] AndroidManifest.xml:30:17-78
91                android:value="androidx.startup" />
91-->[androidx.lifecycle:lifecycle-process:2.7.0] AndroidManifest.xml:31:17-49
92            <meta-data
92-->[androidx.profileinstaller:profileinstaller:1.3.1] AndroidManifest.xml:29:13-31:52
93                android:name="androidx.profileinstaller.ProfileInstallerInitializer"
93-->[androidx.profileinstaller:profileinstaller:1.3.1] AndroidManifest.xml:30:17-85
94                android:value="androidx.startup" />
94-->[androidx.profileinstaller:profileinstaller:1.3.1] AndroidManifest.xml:31:17-49
95        </provider>
96
97        <receiver
97-->[androidx.profileinstaller:profileinstaller:1.3.1] AndroidManifest.xml:34:9-52:20
98            android:name="androidx.profileinstaller.ProfileInstallReceiver"
98-->[androidx.profileinstaller:profileinstaller:1.3.1] AndroidManifest.xml:35:13-76
99            android:directBootAware="false"
99-->[androidx.profileinstaller:profileinstaller:1.3.1] AndroidManifest.xml:36:13-44
100            android:enabled="true"
100-->[androidx.profileinstaller:profileinstaller:1.3.1] AndroidManifest.xml:37:13-35
101            android:exported="true"
101-->[androidx.profileinstaller:profileinstaller:1.3.1] AndroidManifest.xml:38:13-36
102            android:permission="android.permission.DUMP" >
102-->[androidx.profileinstaller:profileinstaller:1.3.1] AndroidManifest.xml:39:13-57
103            <intent-filter>
103-->[androidx.profileinstaller:profileinstaller:1.3.1] AndroidManifest.xml:40:13-42:29
104                <action android:name="androidx.profileinstaller.action.INSTALL_PROFILE" />
104-->[androidx.profileinstaller:profileinstaller:1.3.1] AndroidManifest.xml:41:17-91
104-->[androidx.profileinstaller:profileinstaller:1.3.1] AndroidManifest.xml:41:25-88
105            </intent-filter>
106            <intent-filter>
106-->[androidx.profileinstaller:profileinstaller:1.3.1] AndroidManifest.xml:43:13-45:29
107                <action android:name="androidx.profileinstaller.action.SKIP_FILE" />
107-->[androidx.profileinstaller:profileinstaller:1.3.1] AndroidManifest.xml:44:17-85
107-->[androidx.profileinstaller:profileinstaller:1.3.1] AndroidManifest.xml:44:25-82
108            </intent-filter>
109            <intent-filter>
109-->[androidx.profileinstaller:profileinstaller:1.3.1] AndroidManifest.xml:46:13-48:29
110                <action android:name="androidx.profileinstaller.action.SAVE_PROFILE" />
110-->[androidx.profileinstaller:profileinstaller:1.3.1] AndroidManifest.xml:47:17-88
110-->[androidx.profileinstaller:profileinstaller:1.3.1] AndroidManifest.xml:47:25-85
111            </intent-filter>
112            <intent-filter>
112-->[androidx.profileinstaller:profileinstaller:1.3.1] AndroidManifest.xml:49:13-51:29
113                <action android:name="androidx.profileinstaller.action.BENCHMARK_OPERATION" />
113-->[androidx.profileinstaller:profileinstaller:1.3.1] AndroidManifest.xml:50:17-95
113-->[androidx.profileinstaller:profileinstaller:1.3.1] AndroidManifest.xml:50:25-92
114            </intent-filter>
115        </receiver>
116    </application>
117
118</manifest>